-------------------------------------------------------------------------------
Test set: com.verification.structural.UserDataRepositoryVerification
-------------------------------------------------------------------------------
Tests run: 1, Failures: 1, Errors: 0, Skipped: 0, Time elapsed: 0.001 s <<< FAILURE! - in com.verification.structural.UserDataRepositoryVerification
inheritance  Time elapsed: 0 s  <<< FAILURE!
org.opentest4j.AssertionFailedError: expected: <true> but was: <false>
	at com.verification.structural.UserDataRepositoryVerification.inheritance(UserDataRepositoryVerification.java:16)

